<?xml version="1.0" encoding="UTF-8"?>
<testsuite name="PingPongTest" tests="4" skipped="0" failures="0" errors="0" timestamp="2016-02-08T19:35:49" hostname="epicodus-55.local" time="0.002">
  <properties/>
  <testcase name="countPingPong_replaceThreesWithPing" classname="PingPongTest" time="0.002"/>
  <testcase name="countPingPong_countUpToNumberFromUser" classname="PingPongTest" time="0.0"/>
  <testcase name="countPingPong_replaceMultiplesOfFifteen" classname="PingPongTest" time="0.0"/>
  <testcase name="countPingPong_replaceFivesWithPong" classname="PingPongTest" time="0.0"/>
  <system-out><![CDATA[]]></system-out>
  <system-err><![CDATA[]]></system-err>
</testsuite>
