<?xml version="1.0" encoding="UTF-8"?>
<testsuite name="PingPongTest" tests="1" skipped="0" failures="0" errors="0" timestamp="2016-02-08T16:46:37" hostname="epicodus-55.local" time="0.0">
  <properties/>
  <testcase name="countPingPong_countUpToNumber_true" classname="PingPongTest" time="0.0"/>
  <system-out><![CDATA[]]></system-out>
  <system-err><![CDATA[]]></system-err>
</testsuite>
